<?xml version="1.0" encoding="UTF-8"?>
<coverage generated="1568971658769" clover="3.2.0">
  <project timestamp="1568971658769" name="All files">
    <metrics statements="16" coveredstatements="16" conditionals="0" coveredconditionals="0" methods="13" coveredmethods="13" elements="29" coveredelements="29" complexity="0" loc="16" ncloc="16" packages="1" files="1" classes="1"/>
    <file name="createMenuData.js" path="/Users/student/Projects/tech-tests/tech-test/src/createMenuData.js">
      <metrics statements="16" coveredstatements="16" conditionals="0" coveredconditionals="0" methods="13" coveredmethods="13"/>
      <line num="2" count="90" type="stmt"/>
      <line num="6" count="5" type="stmt"/>
      <line num="7" count="20" type="stmt"/>
      <line num="8" count="20" type="stmt"/>
      <line num="12" count="10" type="stmt"/>
      <line num="13" count="50" type="stmt"/>
      <line num="18" count="5" type="stmt"/>
      <line num="19" count="50" type="stmt"/>
      <line num="23" count="5" type="stmt"/>
      <line num="24" count="5" type="stmt"/>
      <line num="25" count="5" type="stmt"/>
      <line num="26" count="5" type="stmt"/>
      <line num="27" count="10" type="stmt"/>
      <line num="28" count="20" type="stmt"/>
      <line num="29" count="20" type="stmt"/>
      <line num="34" count="1" type="stmt"/>
    </file>
  </project>
</coverage>
