{"/Users/student/Projects/tech-tests/tech-test/src/createMenuData.js": {"path":"/Users/student/Projects/tech-tests/tech-test/src/createMenuData.js","statementMap":{"0":{"start":{"line":2,"column":2},"end":{"line":2,"column":46}},"1":{"start":{"line":2,"column":29},"end":{"line":2,"column":44}},"2":{"start":{"line":6,"column":2},"end":{"line":8,"column":51}},"3":{"start":{"line":7,"column":4},"end":{"line":7,"column":29}},"4":{"start":{"line":8,"column":25},"end":{"line":8,"column":43}},"5":{"start":{"line":12,"column":2},"end":{"line":14,"column":11}},"6":{"start":{"line":13,"column":4},"end":{"line":13,"column":29}},"7":{"start":{"line":18,"column":2},"end":{"line":19,"column":75}},"8":{"start":{"line":19,"column":4},"end":{"line":19,"column":74}},"9":{"start":{"line":19,"column":44},"end":{"line":19,"column":72}},"10":{"start":{"line":23,"column":15},"end":{"line":23,"column":33}},"11":{"start":{"line":24,"column":2},"end":{"line":24,"column":35}},"12":{"start":{"line":25,"column":19},"end":{"line":25,"column":33}},"13":{"start":{"line":26,"column":2},"end":{"line":31,"column":5}},"14":{"start":{"line":27,"column":4},"end":{"line":30,"column":11}},"15":{"start":{"line":28,"column":8},"end":{"line":28,"column":33}},"16":{"start":{"line":29,"column":8},"end":{"line":29,"column":22}},"17":{"start":{"line":34,"column":0},"end":{"line":34,"column":32}}},"fnMap":{"0":{"name":"filteredData","decl":{"start":{"line":1,"column":9},"end":{"line":1,"column":21}},"loc":{"start":{"line":1,"column":27},"end":{"line":3,"column":1}},"line":1},"1":{"name":"(anonymous_1)","decl":{"start":{"line":2,"column":21},"end":{"line":2,"column":22}},"loc":{"start":{"line":2,"column":29},"end":{"line":2,"column":44}},"line":2},"2":{"name":"parents","decl":{"start":{"line":5,"column":9},"end":{"line":5,"column":16}},"loc":{"start":{"line":5,"column":22},"end":{"line":9,"column":1}},"line":5},"3":{"name":"(anonymous_3)","decl":{"start":{"line":6,"column":32},"end":{"line":6,"column":33}},"loc":{"start":{"line":6,"column":46},"end":{"line":8,"column":3}},"line":6},"4":{"name":"(anonymous_4)","decl":{"start":{"line":8,"column":12},"end":{"line":8,"column":13}},"loc":{"start":{"line":8,"column":25},"end":{"line":8,"column":43}},"line":8},"5":{"name":"children","decl":{"start":{"line":11,"column":9},"end":{"line":11,"column":17}},"loc":{"start":{"line":11,"column":23},"end":{"line":15,"column":1}},"line":11},"6":{"name":"(anonymous_6)","decl":{"start":{"line":12,"column":32},"end":{"line":12,"column":33}},"loc":{"start":{"line":12,"column":46},"end":{"line":14,"column":3}},"line":12},"7":{"name":"dataInArrays","decl":{"start":{"line":17,"column":9},"end":{"line":17,"column":21}},"loc":{"start":{"line":17,"column":27},"end":{"line":20,"column":1}},"line":17},"8":{"name":"(anonymous_8)","decl":{"start":{"line":18,"column":27},"end":{"line":18,"column":28}},"loc":{"start":{"line":19,"column":4},"end":{"line":19,"column":74}},"line":19},"9":{"name":"(anonymous_9)","decl":{"start":{"line":19,"column":35},"end":{"line":19,"column":36}},"loc":{"start":{"line":19,"column":44},"end":{"line":19,"column":72}},"line":19},"10":{"name":"createMenuData","decl":{"start":{"line":22,"column":9},"end":{"line":22,"column":23}},"loc":{"start":{"line":22,"column":29},"end":{"line":32,"column":1}},"line":22},"11":{"name":"(anonymous_11)","decl":{"start":{"line":26,"column":29},"end":{"line":26,"column":30}},"loc":{"start":{"line":26,"column":42},"end":{"line":31,"column":3}},"line":26},"12":{"name":"(anonymous_12)","decl":{"start":{"line":27,"column":29},"end":{"line":27,"column":30}},"loc":{"start":{"line":27,"column":57},"end":{"line":30,"column":5}},"line":27}},"branchMap":{},"s":{"0":15,"1":90,"2":5,"3":20,"4":20,"5":10,"6":50,"7":5,"8":10,"9":50,"10":5,"11":5,"12":5,"13":5,"14":10,"15":20,"16":20,"17":1},"f":{"0":15,"1":90,"2":5,"3":20,"4":20,"5":10,"6":50,"7":5,"8":10,"9":50,"10":5,"11":10,"12":20},"b":{},"_coverageSchema":"43e27e138ebf9cfc5966b082cf9a028302ed4184","hash":"432ad8c22aee473f7399b8b0e13a8038237a972d"}
}
