TN:
SF:/Users/student/Projects/tech-tests/tech-test/src/createMenuData.js
FN:1,filteredData
FN:2,(anonymous_1)
FN:5,parents
FN:6,(anonymous_3)
FN:8,(anonymous_4)
FN:11,children
FN:12,(anonymous_6)
FN:17,dataInArrays
FN:18,(anonymous_8)
FN:19,(anonymous_9)
FN:22,createMenuData
FN:26,(anonymous_11)
FN:27,(anonymous_12)
FNF:13
FNH:13
FNDA:15,filteredData
FNDA:90,(anonymous_1)
FNDA:5,parents
FNDA:20,(anonymous_3)
FNDA:20,(anonymous_4)
FNDA:10,children
FNDA:50,(anonymous_6)
FNDA:5,dataInArrays
FNDA:10,(anonymous_8)
FNDA:50,(anonymous_9)
FNDA:5,createMenuData
FNDA:10,(anonymous_11)
FNDA:20,(anonymous_12)
DA:2,90
DA:6,5
DA:7,20
DA:8,20
DA:12,10
DA:13,50
DA:18,5
DA:19,50
DA:23,5
DA:24,5
DA:25,5
DA:26,5
DA:27,10
DA:28,20
DA:29,20
DA:34,1
LF:16
LH:16
BRF:0
BRH:0
end_of_record
